<?xml version="1.0" encoding="UTF-8"?>
<!-- Generated by org.testng.reporters.JUnitReportReporter -->
<testsuite skipped="0" hostname="MSI" name="factoryTestCases" tests="4" failures="0" timestamp="16 Sep 2017 22:57:36 GMT" time="50.053" errors="0">
  <testcase name="testMethodTwo" time="10.927" classname="factoryTestCases"/>
  <testcase name="testMethodTwo" time="9.046" classname="factoryTestCases"/>
  <testcase name="testMethodOne" time="12.838" classname="factoryTestCases"/>
  <testcase name="testMethodOne" time="17.242" classname="factoryTestCases"/>
</testsuite> <!-- factoryTestCases -->
