<?xml version="1.0" encoding="UTF-8"?>
<!-- Generated by org.testng.reporters.JUnitReportReporter -->
<testsuite skipped="0" hostname="MSI" name="testNGs.WebTest" tests="10" failures="0" timestamp="03 Sep 2017 16:17:42 GMT" time="0.019" errors="0">
  <testcase name="testServer" time="0.001" classname="testNGs.WebTest"/>
  <testcase name="testServer" time="0.001" classname="testNGs.WebTest"/>
  <testcase name="testServer" time="0.001" classname="testNGs.WebTest"/>
  <testcase name="testServer" time="0.001" classname="testNGs.WebTest"/>
  <testcase name="testServer" time="0.001" classname="testNGs.WebTest"/>
  <testcase name="testServer" time="0.001" classname="testNGs.WebTest"/>
  <testcase name="testServer" time="0.002" classname="testNGs.WebTest"/>
  <testcase name="testServer" time="0.001" classname="testNGs.WebTest"/>
  <testcase name="testServer" time="0.002" classname="testNGs.WebTest"/>
  <testcase name="testServer" time="0.008" classname="testNGs.WebTest"/>
</testsuite> <!-- testNGs.WebTest -->
